2018-03-15 11:33:09 - MOD: Modification Default

FILE: system/engine/action.php
REGEX: ~(require|include)(_once)?\(([^)]+)~
LINE: 69

FILE: system/engine/loader.php
REGEX: ~(require|include)(_once)?\(([^)]+)~
LINE: 77
LINE: 151
LINE: 168

FILE: system/library/config.php
REGEX: ~(require|include)(_once)?\(([^)]+)~
LINE: 59

FILE: system/library/language.php
REGEX: ~(require|include)(_once)?\(([^)]+)~
LINE: 67
LINE: 73

FILE: system/library/template/template.php
REGEX: ~(require|include)(_once)?\(([^)]+)~
LINE: 18

FILE: system/library/template/twig.php
CODE: $loader = new \Twig_Loader_Filesystem(DIR_TEMPLATE);
LINE: 19
----------------------------------------------------------------
MOD: OnePage Checkout

FILE: catalog/controller/checkout/cart.php
CODE: $this->response->setOutput($this->load->view('checkout/cart', $data));
LINE: 247

FILE: catalog/controller/checkout/checkout.php
CODE: $data['header'] = $this->load->controller('common/header');
LINE: 97

FILE: admin/controller/common/column_left.php
CODE: $marketplace = array();
LINE: 159

FILE: catalog/controller/checkout/success.php
CODE: $this->load->language('checkout/success');
LINE: 8
----------------------------------------------------------------
2018-03-15 12:01:21 - MOD: Modification Default

FILE: system/engine/action.php
REGEX: ~(require|include)(_once)?\(([^)]+)~
LINE: 69

FILE: system/engine/loader.php
REGEX: ~(require|include)(_once)?\(([^)]+)~
LINE: 77
LINE: 151
LINE: 168

FILE: system/library/config.php
REGEX: ~(require|include)(_once)?\(([^)]+)~
LINE: 59

FILE: system/library/language.php
REGEX: ~(require|include)(_once)?\(([^)]+)~
LINE: 67
LINE: 73

FILE: system/library/template/template.php
REGEX: ~(require|include)(_once)?\(([^)]+)~
LINE: 18

FILE: system/library/template/twig.php
CODE: $loader = new \Twig_Loader_Filesystem(DIR_TEMPLATE);
LINE: 19
----------------------------------------------------------------
MOD: OnePage Checkout

FILE: catalog/controller/checkout/cart.php
CODE: $this->response->setOutput($this->load->view('checkout/cart', $data));
LINE: 247

FILE: catalog/controller/checkout/checkout.php
CODE: $data['header'] = $this->load->controller('common/header');
LINE: 97

FILE: admin/controller/common/column_left.php
CODE: $marketplace = array();
LINE: 159

FILE: catalog/controller/checkout/success.php
CODE: $this->load->language('checkout/success');
LINE: 8
----------------------------------------------------------------
2018-03-15 12:01:35 - MOD: Modification Default

FILE: system/engine/action.php
REGEX: ~(require|include)(_once)?\(([^)]+)~
LINE: 69

FILE: system/engine/loader.php
REGEX: ~(require|include)(_once)?\(([^)]+)~
LINE: 77
LINE: 151
LINE: 168

FILE: system/library/config.php
REGEX: ~(require|include)(_once)?\(([^)]+)~
LINE: 59

FILE: system/library/language.php
REGEX: ~(require|include)(_once)?\(([^)]+)~
LINE: 67
LINE: 73

FILE: system/library/template/template.php
REGEX: ~(require|include)(_once)?\(([^)]+)~
LINE: 18

FILE: system/library/template/twig.php
CODE: $loader = new \Twig_Loader_Filesystem(DIR_TEMPLATE);
LINE: 19
----------------------------------------------------------------
MOD: OnePage Checkout

FILE: catalog/controller/checkout/cart.php
CODE: $this->response->setOutput($this->load->view('checkout/cart', $data));
LINE: 247

FILE: catalog/controller/checkout/checkout.php
CODE: $data['header'] = $this->load->controller('common/header');
LINE: 97

FILE: admin/controller/common/column_left.php
CODE: $marketplace = array();
LINE: 159

FILE: catalog/controller/checkout/success.php
CODE: $this->load->language('checkout/success');
LINE: 8
----------------------------------------------------------------
2018-03-15 12:01:44 - MOD: Modification Default

FILE: system/engine/action.php
REGEX: ~(require|include)(_once)?\(([^)]+)~
LINE: 69

FILE: system/engine/loader.php
REGEX: ~(require|include)(_once)?\(([^)]+)~
LINE: 77
LINE: 151
LINE: 168

FILE: system/library/config.php
REGEX: ~(require|include)(_once)?\(([^)]+)~
LINE: 59

FILE: system/library/language.php
REGEX: ~(require|include)(_once)?\(([^)]+)~
LINE: 67
LINE: 73

FILE: system/library/template/template.php
REGEX: ~(require|include)(_once)?\(([^)]+)~
LINE: 18

FILE: system/library/template/twig.php
CODE: $loader = new \Twig_Loader_Filesystem(DIR_TEMPLATE);
LINE: 19
----------------------------------------------------------------
MOD: OnePage Checkout

FILE: catalog/controller/checkout/cart.php
CODE: $this->response->setOutput($this->load->view('checkout/cart', $data));
LINE: 247

FILE: catalog/controller/checkout/checkout.php
CODE: $data['header'] = $this->load->controller('common/header');
LINE: 97

FILE: admin/controller/common/column_left.php
CODE: $marketplace = array();
LINE: 159

FILE: catalog/controller/checkout/success.php
CODE: $this->load->language('checkout/success');
LINE: 8
----------------------------------------------------------------
